  Determining projects to restore...
  All projects are up-to-date for restore.
  TurnForge.Engine -> /Users/barrufex/Development/TurnForge/src/TurnForge.Engine/bin/Debug/net9.0/TurnForge.Engine.dll
/Users/barrufex/Development/TurnForge/tests/TurnForge.Engine.Tests/helpers/TestDefinitionRegistry.cs(18,57): warning CS8601: Possible null reference assignment. [/Users/barrufex/Development/TurnForge/tests/TurnForge.Engine.Tests/TurnForge.Engine.Tests.csproj]
/Users/barrufex/Development/TurnForge/tests/TurnForge.Engine.Tests/Strategies/TestAgentSpawnStrategy.cs(15,69): error CS1503: Argument 2: cannot convert from 'TurnForge.Engine.ValueObjects.Vector' to 'TurnForge.Engine.ValueObjects.Position' [/Users/barrufex/Development/TurnForge/tests/TurnForge.Engine.Tests/TurnForge.Engine.Tests.csproj]
/Users/barrufex/Development/TurnForge/tests/TurnForge.Engine.Tests/Strategies/TestPropSpawnStrategy.cs(14,17): error CS0019: Operator '??' cannot be applied to operands of type 'Position?' and 'Vector' [/Users/barrufex/Development/TurnForge/tests/TurnForge.Engine.Tests/TurnForge.Engine.Tests.csproj]
/Users/barrufex/Development/TurnForge/tests/TurnForge.Engine.Tests/GameState/GameStateTests.cs(17,66): error CS1503: Argument 2: cannot convert from 'int' to 'TurnForge.Engine.Entities.Components.Definitions.PositionComponentDefinition' [/Users/barrufex/Development/TurnForge/tests/TurnForge.Engine.Tests/TurnForge.Engine.Tests.csproj]
/Users/barrufex/Development/TurnForge/tests/TurnForge.Engine.Tests/GameState/GameStateTests.cs(17,70): error CS1503: Argument 3: cannot convert from 'int' to 'TurnForge.Engine.Entities.Components.Definitions.HealhtComponentDefinition' [/Users/barrufex/Development/TurnForge/tests/TurnForge.Engine.Tests/TurnForge.Engine.Tests.csproj]
/Users/barrufex/Development/TurnForge/tests/TurnForge.Engine.Tests/GameState/GameStateTests.cs(17,73): error CS1503: Argument 4: cannot convert from 'int' to 'TurnForge.Engine.Entities.Components.Definitions.MovementComponentDefinition' [/Users/barrufex/Development/TurnForge/tests/TurnForge.Engine.Tests/TurnForge.Engine.Tests.csproj]
/Users/barrufex/Development/TurnForge/tests/TurnForge.Engine.Tests/GameState/GameStateTests.cs(18,39): error CS1503: Argument 2: cannot convert from 'TurnForge.Engine.ValueObjects.Vector' to 'TurnForge.Engine.Entities.Actors.Definitions.AgentDefinition' [/Users/barrufex/Development/TurnForge/tests/TurnForge.Engine.Tests/TurnForge.Engine.Tests.csproj]
/Users/barrufex/Development/TurnForge/tests/TurnForge.Engine.Tests/GameState/GameStateTests.cs(18,53): error CS1503: Argument 3: cannot convert from 'TurnForge.Engine.Entities.Actors.Definitions.AgentDefinition' to 'System.Collections.Generic.IReadOnlyList<TurnForge.Engine.Entities.Actors.Interfaces.IActorBehaviour>?' [/Users/barrufex/Development/TurnForge/tests/TurnForge.Engine.Tests/TurnForge.Engine.Tests.csproj]
/Users/barrufex/Development/TurnForge/tests/TurnForge.Engine.Tests/Core/Fsm/FsmTransitionTests.cs(125,25): error CS7036: There is no argument given that corresponds to the required parameter 'effectSink' of 'FsmController.MoveForwardRequest(GameState, IEffectSink)' [/Users/barrufex/Development/TurnForge/tests/TurnForge.Engine.Tests/TurnForge.Engine.Tests.csproj]
/Users/barrufex/Development/TurnForge/tests/TurnForge.Engine.Tests/Bootstrap/EngineTestBootstrapper.cs(32,243): error CS1503: Argument 2: cannot convert from 'int' to 'TurnForge.Engine.Entities.Components.Definitions.PositionComponentDefinition' [/Users/barrufex/Development/TurnForge/tests/TurnForge.Engine.Tests/TurnForge.Engine.Tests.csproj]
/Users/barrufex/Development/TurnForge/tests/TurnForge.Engine.Tests/Bootstrap/EngineTestBootstrapper.cs(32,248): error CS1503: Argument 3: cannot convert from 'int' to 'TurnForge.Engine.Entities.Components.Definitions.HealhtComponentDefinition' [/Users/barrufex/Development/TurnForge/tests/TurnForge.Engine.Tests/TurnForge.Engine.Tests.csproj]
/Users/barrufex/Development/TurnForge/tests/TurnForge.Engine.Tests/Bootstrap/EngineTestBootstrapper.cs(32,251): error CS1503: Argument 4: cannot convert from 'int' to 'TurnForge.Engine.Entities.Components.Definitions.MovementComponentDefinition' [/Users/barrufex/Development/TurnForge/tests/TurnForge.Engine.Tests/TurnForge.Engine.Tests.csproj]
/Users/barrufex/Development/TurnForge/tests/TurnForge.Engine.Tests/Bootstrap/EngineTestBootstrapper.cs(33,243): error CS1503: Argument 2: cannot convert from 'int' to 'TurnForge.Engine.Entities.Components.Definitions.PositionComponentDefinition' [/Users/barrufex/Development/TurnForge/tests/TurnForge.Engine.Tests/TurnForge.Engine.Tests.csproj]
/Users/barrufex/Development/TurnForge/tests/TurnForge.Engine.Tests/Bootstrap/EngineTestBootstrapper.cs(33,248): error CS1503: Argument 3: cannot convert from 'int' to 'TurnForge.Engine.Entities.Components.Definitions.HealhtComponentDefinition' [/Users/barrufex/Development/TurnForge/tests/TurnForge.Engine.Tests/TurnForge.Engine.Tests.csproj]
/Users/barrufex/Development/TurnForge/tests/TurnForge.Engine.Tests/Bootstrap/EngineTestBootstrapper.cs(33,251): error CS1503: Argument 4: cannot convert from 'int' to 'TurnForge.Engine.Entities.Components.Definitions.MovementComponentDefinition' [/Users/barrufex/Development/TurnForge/tests/TurnForge.Engine.Tests/TurnForge.Engine.Tests.csproj]
/Users/barrufex/Development/TurnForge/tests/TurnForge.Engine.Tests/Core/Fsm/FsmTransitionTests.cs(139,25): error CS7036: There is no argument given that corresponds to the required parameter 'effectSink' of 'FsmController.MoveForwardRequest(GameState, IEffectSink)' [/Users/barrufex/Development/TurnForge/tests/TurnForge.Engine.Tests/TurnForge.Engine.Tests.csproj]
/Users/barrufex/Development/TurnForge/tests/TurnForge.Engine.Tests/Game/InitGameCommandHandlerTests.cs(61,31): error CS1729: 'PropDefinition' does not contain a constructor that takes 5 arguments [/Users/barrufex/Development/TurnForge/tests/TurnForge.Engine.Tests/TurnForge.Engine.Tests.csproj]
/Users/barrufex/Development/TurnForge/tests/TurnForge.Engine.Tests/Core/Fsm/FsmTransitionTests.cs(150,25): error CS7036: There is no argument given that corresponds to the required parameter 'effectSink' of 'FsmController.MoveForwardRequest(GameState, IEffectSink)' [/Users/barrufex/Development/TurnForge/tests/TurnForge.Engine.Tests/TurnForge.Engine.Tests.csproj]
/Users/barrufex/Development/TurnForge/tests/TurnForge.Engine.Tests/Core/Fsm/FsmTransitionTests.cs(154,25): error CS7036: There is no argument given that corresponds to the required parameter 'effectSink' of 'FsmController.MoveForwardRequest(GameState, IEffectSink)' [/Users/barrufex/Development/TurnForge/tests/TurnForge.Engine.Tests/TurnForge.Engine.Tests.csproj]
/Users/barrufex/Development/TurnForge/tests/TurnForge.Engine.Tests/Game/InitGameCommandHandlerTests.cs(121,25): warning CS8602: Dereference of a possibly null reference. [/Users/barrufex/Development/TurnForge/tests/TurnForge.Engine.Tests/TurnForge.Engine.Tests.csproj]
/Users/barrufex/Development/TurnForge/tests/TurnForge.Engine.Tests/Infrastructure/Registration/GameFlowBuilderTests.cs(84,33): warning CS8602: Dereference of a possibly null reference. [/Users/barrufex/Development/TurnForge/tests/TurnForge.Engine.Tests/TurnForge.Engine.Tests.csproj]
/Users/barrufex/Development/TurnForge/tests/TurnForge.Engine.Tests/Infrastructure/Registration/GameFlowBuilderTests.cs(103,33): warning CS8602: Dereference of a possibly null reference. [/Users/barrufex/Development/TurnForge/tests/TurnForge.Engine.Tests/TurnForge.Engine.Tests.csproj]
/Users/barrufex/Development/TurnForge/tests/TurnForge.Engine.Tests/Infrastructure/Registration/GameFlowBuilderTests.cs(119,33): warning CS8602: Dereference of a possibly null reference. [/Users/barrufex/Development/TurnForge/tests/TurnForge.Engine.Tests/TurnForge.Engine.Tests.csproj]
/Users/barrufex/Development/TurnForge/tests/TurnForge.Engine.Tests/Infrastructure/Registration/GameFlowBuilderTests.cs(120,30): warning CS8602: Dereference of a possibly null reference. [/Users/barrufex/Development/TurnForge/tests/TurnForge.Engine.Tests/TurnForge.Engine.Tests.csproj]
/Users/barrufex/Development/TurnForge/tests/TurnForge.Engine.Tests/Infrastructure/Registration/GameFlowBuilderTests.cs(137,33): warning CS8602: Dereference of a possibly null reference. [/Users/barrufex/Development/TurnForge/tests/TurnForge.Engine.Tests/TurnForge.Engine.Tests.csproj]

Build FAILED.

/Users/barrufex/Development/TurnForge/tests/TurnForge.Engine.Tests/helpers/TestDefinitionRegistry.cs(18,57): warning CS8601: Possible null reference assignment. [/Users/barrufex/Development/TurnForge/tests/TurnForge.Engine.Tests/TurnForge.Engine.Tests.csproj]
/Users/barrufex/Development/TurnForge/tests/TurnForge.Engine.Tests/Game/InitGameCommandHandlerTests.cs(121,25): warning CS8602: Dereference of a possibly null reference. [/Users/barrufex/Development/TurnForge/tests/TurnForge.Engine.Tests/TurnForge.Engine.Tests.csproj]
/Users/barrufex/Development/TurnForge/tests/TurnForge.Engine.Tests/Infrastructure/Registration/GameFlowBuilderTests.cs(84,33): warning CS8602: Dereference of a possibly null reference. [/Users/barrufex/Development/TurnForge/tests/TurnForge.Engine.Tests/TurnForge.Engine.Tests.csproj]
/Users/barrufex/Development/TurnForge/tests/TurnForge.Engine.Tests/Infrastructure/Registration/GameFlowBuilderTests.cs(103,33): warning CS8602: Dereference of a possibly null reference. [/Users/barrufex/Development/TurnForge/tests/TurnForge.Engine.Tests/TurnForge.Engine.Tests.csproj]
/Users/barrufex/Development/TurnForge/tests/TurnForge.Engine.Tests/Infrastructure/Registration/GameFlowBuilderTests.cs(119,33): warning CS8602: Dereference of a possibly null reference. [/Users/barrufex/Development/TurnForge/tests/TurnForge.Engine.Tests/TurnForge.Engine.Tests.csproj]
/Users/barrufex/Development/TurnForge/tests/TurnForge.Engine.Tests/Infrastructure/Registration/GameFlowBuilderTests.cs(120,30): warning CS8602: Dereference of a possibly null reference. [/Users/barrufex/Development/TurnForge/tests/TurnForge.Engine.Tests/TurnForge.Engine.Tests.csproj]
/Users/barrufex/Development/TurnForge/tests/TurnForge.Engine.Tests/Infrastructure/Registration/GameFlowBuilderTests.cs(137,33): warning CS8602: Dereference of a possibly null reference. [/Users/barrufex/Development/TurnForge/tests/TurnForge.Engine.Tests/TurnForge.Engine.Tests.csproj]
/Users/barrufex/Development/TurnForge/tests/TurnForge.Engine.Tests/Strategies/TestAgentSpawnStrategy.cs(15,69): error CS1503: Argument 2: cannot convert from 'TurnForge.Engine.ValueObjects.Vector' to 'TurnForge.Engine.ValueObjects.Position' [/Users/barrufex/Development/TurnForge/tests/TurnForge.Engine.Tests/TurnForge.Engine.Tests.csproj]
/Users/barrufex/Development/TurnForge/tests/TurnForge.Engine.Tests/Strategies/TestPropSpawnStrategy.cs(14,17): error CS0019: Operator '??' cannot be applied to operands of type 'Position?' and 'Vector' [/Users/barrufex/Development/TurnForge/tests/TurnForge.Engine.Tests/TurnForge.Engine.Tests.csproj]
/Users/barrufex/Development/TurnForge/tests/TurnForge.Engine.Tests/GameState/GameStateTests.cs(17,66): error CS1503: Argument 2: cannot convert from 'int' to 'TurnForge.Engine.Entities.Components.Definitions.PositionComponentDefinition' [/Users/barrufex/Development/TurnForge/tests/TurnForge.Engine.Tests/TurnForge.Engine.Tests.csproj]
/Users/barrufex/Development/TurnForge/tests/TurnForge.Engine.Tests/GameState/GameStateTests.cs(17,70): error CS1503: Argument 3: cannot convert from 'int' to 'TurnForge.Engine.Entities.Components.Definitions.HealhtComponentDefinition' [/Users/barrufex/Development/TurnForge/tests/TurnForge.Engine.Tests/TurnForge.Engine.Tests.csproj]
/Users/barrufex/Development/TurnForge/tests/TurnForge.Engine.Tests/GameState/GameStateTests.cs(17,73): error CS1503: Argument 4: cannot convert from 'int' to 'TurnForge.Engine.Entities.Components.Definitions.MovementComponentDefinition' [/Users/barrufex/Development/TurnForge/tests/TurnForge.Engine.Tests/TurnForge.Engine.Tests.csproj]
/Users/barrufex/Development/TurnForge/tests/TurnForge.Engine.Tests/GameState/GameStateTests.cs(18,39): error CS1503: Argument 2: cannot convert from 'TurnForge.Engine.ValueObjects.Vector' to 'TurnForge.Engine.Entities.Actors.Definitions.AgentDefinition' [/Users/barrufex/Development/TurnForge/tests/TurnForge.Engine.Tests/TurnForge.Engine.Tests.csproj]
/Users/barrufex/Development/TurnForge/tests/TurnForge.Engine.Tests/GameState/GameStateTests.cs(18,53): error CS1503: Argument 3: cannot convert from 'TurnForge.Engine.Entities.Actors.Definitions.AgentDefinition' to 'System.Collections.Generic.IReadOnlyList<TurnForge.Engine.Entities.Actors.Interfaces.IActorBehaviour>?' [/Users/barrufex/Development/TurnForge/tests/TurnForge.Engine.Tests/TurnForge.Engine.Tests.csproj]
/Users/barrufex/Development/TurnForge/tests/TurnForge.Engine.Tests/Core/Fsm/FsmTransitionTests.cs(125,25): error CS7036: There is no argument given that corresponds to the required parameter 'effectSink' of 'FsmController.MoveForwardRequest(GameState, IEffectSink)' [/Users/barrufex/Development/TurnForge/tests/TurnForge.Engine.Tests/TurnForge.Engine.Tests.csproj]
/Users/barrufex/Development/TurnForge/tests/TurnForge.Engine.Tests/Bootstrap/EngineTestBootstrapper.cs(32,243): error CS1503: Argument 2: cannot convert from 'int' to 'TurnForge.Engine.Entities.Components.Definitions.PositionComponentDefinition' [/Users/barrufex/Development/TurnForge/tests/TurnForge.Engine.Tests/TurnForge.Engine.Tests.csproj]
/Users/barrufex/Development/TurnForge/tests/TurnForge.Engine.Tests/Bootstrap/EngineTestBootstrapper.cs(32,248): error CS1503: Argument 3: cannot convert from 'int' to 'TurnForge.Engine.Entities.Components.Definitions.HealhtComponentDefinition' [/Users/barrufex/Development/TurnForge/tests/TurnForge.Engine.Tests/TurnForge.Engine.Tests.csproj]
/Users/barrufex/Development/TurnForge/tests/TurnForge.Engine.Tests/Bootstrap/EngineTestBootstrapper.cs(32,251): error CS1503: Argument 4: cannot convert from 'int' to 'TurnForge.Engine.Entities.Components.Definitions.MovementComponentDefinition' [/Users/barrufex/Development/TurnForge/tests/TurnForge.Engine.Tests/TurnForge.Engine.Tests.csproj]
/Users/barrufex/Development/TurnForge/tests/TurnForge.Engine.Tests/Bootstrap/EngineTestBootstrapper.cs(33,243): error CS1503: Argument 2: cannot convert from 'int' to 'TurnForge.Engine.Entities.Components.Definitions.PositionComponentDefinition' [/Users/barrufex/Development/TurnForge/tests/TurnForge.Engine.Tests/TurnForge.Engine.Tests.csproj]
/Users/barrufex/Development/TurnForge/tests/TurnForge.Engine.Tests/Bootstrap/EngineTestBootstrapper.cs(33,248): error CS1503: Argument 3: cannot convert from 'int' to 'TurnForge.Engine.Entities.Components.Definitions.HealhtComponentDefinition' [/Users/barrufex/Development/TurnForge/tests/TurnForge.Engine.Tests/TurnForge.Engine.Tests.csproj]
/Users/barrufex/Development/TurnForge/tests/TurnForge.Engine.Tests/Bootstrap/EngineTestBootstrapper.cs(33,251): error CS1503: Argument 4: cannot convert from 'int' to 'TurnForge.Engine.Entities.Components.Definitions.MovementComponentDefinition' [/Users/barrufex/Development/TurnForge/tests/TurnForge.Engine.Tests/TurnForge.Engine.Tests.csproj]
/Users/barrufex/Development/TurnForge/tests/TurnForge.Engine.Tests/Core/Fsm/FsmTransitionTests.cs(139,25): error CS7036: There is no argument given that corresponds to the required parameter 'effectSink' of 'FsmController.MoveForwardRequest(GameState, IEffectSink)' [/Users/barrufex/Development/TurnForge/tests/TurnForge.Engine.Tests/TurnForge.Engine.Tests.csproj]
/Users/barrufex/Development/TurnForge/tests/TurnForge.Engine.Tests/Game/InitGameCommandHandlerTests.cs(61,31): error CS1729: 'PropDefinition' does not contain a constructor that takes 5 arguments [/Users/barrufex/Development/TurnForge/tests/TurnForge.Engine.Tests/TurnForge.Engine.Tests.csproj]
/Users/barrufex/Development/TurnForge/tests/TurnForge.Engine.Tests/Core/Fsm/FsmTransitionTests.cs(150,25): error CS7036: There is no argument given that corresponds to the required parameter 'effectSink' of 'FsmController.MoveForwardRequest(GameState, IEffectSink)' [/Users/barrufex/Development/TurnForge/tests/TurnForge.Engine.Tests/TurnForge.Engine.Tests.csproj]
/Users/barrufex/Development/TurnForge/tests/TurnForge.Engine.Tests/Core/Fsm/FsmTransitionTests.cs(154,25): error CS7036: There is no argument given that corresponds to the required parameter 'effectSink' of 'FsmController.MoveForwardRequest(GameState, IEffectSink)' [/Users/barrufex/Development/TurnForge/tests/TurnForge.Engine.Tests/TurnForge.Engine.Tests.csproj]
    7 Warning(s)
    18 Error(s)

Time Elapsed 00:00:00.90
